<?xml version="1.0" encoding="UTF-8"?>
<testsuite xmlns:xsi="http://www.w3.org/2001/XMLSchema-instance" xsi:schemaLocation="https://maven.apache.org/surefire/maven-surefire-plugin/xsd/surefire-test-report.xsd" name="com.mycompany.tddjunit5.airport.AirportTest" time="0.305" tests="21" errors="0" skipped="0" failures="0">
  <properties>
    <property name="java.runtime.name" value="Java(TM) SE Runtime Environment"/>
    <property name="java.vm.version" value="11.0.12+8-LTS-237"/>
    <property name="sun.boot.library.path" value="C:\Program Files\Java\jdk-11.0.12\bin"/>
    <property name="maven.multiModuleProjectDirectory" value="C:\workspace\JEEFullStack\airport-m05-phase2"/>
    <property name="java.vm.vendor" value="Oracle Corporation"/>
    <property name="java.vendor.url" value="https://openjdk.java.net/"/>
    <property name="guice.disable.misplaced.annotation.check" value="true"/>
    <property name="path.separator" value=";"/>
    <property name="java.vm.name" value="Java HotSpot(TM) 64-Bit Server VM"/>
    <property name="sun.os.patch.level" value=""/>
    <property name="user.script" value=""/>
    <property name="user.country" value="US"/>
    <property name="sun.java.launcher" value="SUN_STANDARD"/>
    <property name="java.vm.specification.name" value="Java Virtual Machine Specification"/>
    <property name="user.dir" value="C:\workspace\JEEFullStack\airport-m05-phase2"/>
    <property name="java.vm.compressedOopsMode" value="32-bit"/>
    <property name="java.runtime.version" value="11.0.12+8-LTS-237"/>
    <property name="java.awt.graphicsenv" value="sun.awt.Win32GraphicsEnvironment"/>
    <property name="os.arch" value="amd64"/>
    <property name="java.io.tmpdir" value="C:\Users\steve\AppData\Local\Temp\"/>
    <property name="line.separator" value="&#10;"/>
    <property name="java.vm.specification.vendor" value="Oracle Corporation"/>
    <property name="user.variant" value=""/>
    <property name="os.name" value="Windows 10"/>
    <property name="classworlds.conf" value="C:\InstalledSoftware\apache-maven-3.6.3\bin\..\bin\m2.conf"/>
    <property name="sun.jnu.encoding" value="Cp1252"/>
    <property name="java.library.path" value="C:\Program Files\Java\jdk-11.0.12\bin;C:\WINDOWS\Sun\Java\bin;C:\WINDOWS\system32;C:\WINDOWS;C:\app\steve\product\21c\dbhomeXE\bin;C:\Program Files\Common Files\Oracle\Java\javapath;C:\WINDOWS\system32;C:\WINDOWS;C:\WINDOWS\System32\Wbem;C:\WINDOWS\System32\WindowsPowerShell\v1.0\;C:\WINDOWS\System32\OpenSSH\;C:\Program Files\nodejs\;C:\Program Files\Git\cmd;C:\Program Files\Amazon\AWSCLIV2\;C:\Users\steve\anaconda3;C:\Users\steve\AppData\Roaming\npm;C:\Program Files\Microsoft VS Code\bin;C:\InstalledSoftware\apache-tomcat-9.0.46\bin;C:\Program Files\Java\jdk-11.0.12\bin;C:\InstalledSoftware\apache-maven-3.6.3\bin;C:\Program Files\MongoDB\Server\5.0\bin;C:\Program Files\MySQL\MySQL Shell 8.0\bin\;C:\Users\steve\AppData\Local\Microsoft\WindowsApps;C:\InstalledSoftware\sqlite;C:\Users\steve\anaconda3\;C:\InstalledSoftware\spring-2.5.6\bin;C:\InstalledSoftware\jmc\jmc-8.1.0_windows-x64\JDK Mission Control;C:\InstalledSoftware\gradle-7.3.2\bin;C:\Program Files\PostgreSQL\14\bin;."/>
    <property name="maven.conf" value="C:\InstalledSoftware\apache-maven-3.6.3\bin\../conf"/>
    <property name="jdk.debug" value="release"/>
    <property name="java.class.version" value="55.0"/>
    <property name="java.specification.name" value="Java Platform API Specification"/>
    <property name="sun.management.compiler" value="HotSpot 64-Bit Tiered Compilers"/>
    <property name="os.version" value="10.0"/>
    <property name="library.jansi.path" value="C:\InstalledSoftware\apache-maven-3.6.3\bin\..\lib\jansi-native"/>
    <property name="user.home" value="C:\Users\steve"/>
    <property name="user.timezone" value="Asia/Calcutta"/>
    <property name="java.awt.printerjob" value="sun.awt.windows.WPrinterJob"/>
    <property name="file.encoding" value="Cp1252"/>
    <property name="java.specification.version" value="11"/>
    <property name="user.name" value="steve"/>
    <property name="java.class.path" value="C:\InstalledSoftware\apache-maven-3.6.3\bin\..\boot\plexus-classworlds-2.6.0.jar"/>
    <property name="java.vm.specification.version" value="11"/>
    <property name="sun.arch.data.model" value="64"/>
    <property name="sun.java.command" value="org.codehaus.plexus.classworlds.launcher.Launcher test"/>
    <property name="java.home" value="C:\Program Files\Java\jdk-11.0.12"/>
    <property name="user.language" value="en"/>
    <property name="java.specification.vendor" value="Oracle Corporation"/>
    <property name="awt.toolkit" value="sun.awt.windows.WToolkit"/>
    <property name="java.vm.info" value="mixed mode"/>
    <property name="java.version" value="11.0.12"/>
    <property name="java.vendor" value="Oracle Corporation"/>
    <property name="sun.stderr.encoding" value="cp437"/>
    <property name="maven.home" value="C:\InstalledSoftware\apache-maven-3.6.3\bin\.."/>
    <property name="file.separator" value="\"/>
    <property name="java.version.date" value="2021-07-20"/>
    <property name="java.vendor.url.bug" value="https://bugreport.java.com/bugreport/"/>
    <property name="sun.io.unicode.encoding" value="UnicodeLittle"/>
    <property name="sun.cpu.endian" value="little"/>
    <property name="java.vendor.version" value="18.9"/>
    <property name="sun.stdout.encoding" value="cp437"/>
    <property name="sun.desktop" value="windows"/>
    <property name="sun.cpu.isalist" value="amd64"/>
  </properties>
  <testcase name="testEconomyFlightVipPassenger" classname="com.mycompany.tddjunit5.airport.AirportTest$PremiumFlightTest$VipPassenger" time="0.022"/>
  <testcase name="testEconomyFlightVipPassenger" classname="com.mycompany.tddjunit5.airport.AirportTest$EconomyFlightTest$VipPassenger" time="0.037"/>
  <testcase name="testBusinessFlightVipPassengerAddedOnlyOnce" classname="testBusinessFlightVipPassengerAddedOnlyOnce(RepetitionInfo)" time="0.011"/>
  <testcase name="testBusinessFlightVipPassengerAddedOnlyOnce" classname="testBusinessFlightVipPassengerAddedOnlyOnce(RepetitionInfo)" time="0.002"/>
  <testcase name="testBusinessFlightVipPassengerAddedOnlyOnce" classname="testBusinessFlightVipPassengerAddedOnlyOnce(RepetitionInfo)" time="0.004"/>
  <testcase name="testBusinessFlightVipPassengerAddedOnlyOnce" classname="testBusinessFlightVipPassengerAddedOnlyOnce(RepetitionInfo)" time="0.007"/>
  <testcase name="testBusinessFlightVipPassengerAddedOnlyOnce" classname="testBusinessFlightVipPassengerAddedOnlyOnce(RepetitionInfo)" time="0.002"/>
  <testcase name="testBusinessFlightVipPassengerAddedOnlyOnce" classname="testBusinessFlightVipPassengerAddedOnlyOnce(RepetitionInfo)" time="0.005"/>
  <testcase name="testBusinessFlightVipPassengerAddedOnlyOnce" classname="testBusinessFlightVipPassengerAddedOnlyOnce(RepetitionInfo)" time="0.001"/>
  <testcase name="testBusinessFlightVipPassengerAddedOnlyOnce" classname="testBusinessFlightVipPassengerAddedOnlyOnce(RepetitionInfo)" time="0.002"/>
  <testcase name="testBusinessFlightVipPassengerAddedOnlyOnce" classname="testBusinessFlightVipPassengerAddedOnlyOnce(RepetitionInfo)" time="0.001"/>
  <testcase name="testBusinessFlightVipPassengerAddedOnlyOnce" classname="testBusinessFlightVipPassengerAddedOnlyOnce(RepetitionInfo)" time="0.001"/>
  <testcase name="testPremiumFlightUsualPassenger" classname="com.mycompany.tddjunit5.airport.AirportTest$PremiumFlightTest$UsualPassenger" time="0.005"/>
  <testcase name="testBusinessFlightVipPassenger" classname="com.mycompany.tddjunit5.airport.AirportTest$BusinessFlightTest$VipPassenger" time="0.009"/>
  <testcase name="testBusinessFlightUsualPassenger" classname="com.mycompany.tddjunit5.airport.AirportTest$BusinessFlightTest$UsualPassenger" time="0.008"/>
  <testcase name="testEconomyFlightUsualPassengerAddedOnlyOnce" classname="testEconomyFlightUsualPassengerAddedOnlyOnce(RepetitionInfo)" time="0"/>
  <testcase name="testEconomyFlightUsualPassengerAddedOnlyOnce" classname="testEconomyFlightUsualPassengerAddedOnlyOnce(RepetitionInfo)" time="0"/>
  <testcase name="testEconomyFlightUsualPassengerAddedOnlyOnce" classname="testEconomyFlightUsualPassengerAddedOnlyOnce(RepetitionInfo)" time="0.002"/>
  <testcase name="testEconomyFlightUsualPassengerAddedOnlyOnce" classname="testEconomyFlightUsualPassengerAddedOnlyOnce(RepetitionInfo)" time="0.001"/>
  <testcase name="testEconomyFlightUsualPassengerAddedOnlyOnce" classname="testEconomyFlightUsualPassengerAddedOnlyOnce(RepetitionInfo)" time="0.004"/>
  <testcase name="testEconomyFlightUsualPassenger" classname="com.mycompany.tddjunit5.airport.AirportTest$EconomyFlightTest$UsualPassenger" time="0.007"/>
</testsuite>